[     631ms] [ERROR] Failed to load resource: the server responded with a status of 500 (Internal Server Error) @ http://localhost:3000/favicon.ico:0
[   88457ms] [ERROR] ./src/components/EdgeNav.tsx
Error: 
  x Unexpected token `nav`. Expected jsx identifier
    ,-[/Users/kazuma/Desktop/main/cs/Projects/portfolio/src/components/EdgeNav.tsx:18:1]
 18 |   onSelect
 19 | }: EdgeNavProps): JSX.Element => {
 20 |   return (
 21 |     <nav
    :      ^^^
 22 |       className="pointer-events-none absolute inset-0 z-30 flex items-end justify-center pb-10"
 23 |       aria-label="Primary sections"
 24 |     >
    `----

Caused by:
    Syntax Error

Import trace for requested module:
./src/components/EdgeNav.tsx
./src/components/HomeClient.tsx @ webpack-internal:///(app-pages-browser)/./node_modules/next/dist/client/app-index.js:32
[   92050ms] [ERROR] ./src/components/EdgeNav.tsx
Error: 
  x Unexpected token `nav`. Expected jsx identifier
    ,-[/Users/kazuma/Desktop/main/cs/Projects/portfolio/src/components/EdgeNav.tsx:18:1]
 18 |   onSelect
 19 | }: EdgeNavProps): JSX.Element => {
 20 |   return (
 21 |     <nav
    :      ^^^
 22 |       className="pointer-events-none absolute inset-0 z-30 flex items-end justify-center pb-10"
 23 |       aria-label="Primary sections"
 24 |     >
    `----

Caused by:
    Syntax Error

Import trace for requested module:
./src/components/EdgeNav.tsx
./src/components/HomeClient.tsx @ webpack-internal:///(app-pages-browser)/./node_modules/next/dist/client/app-index.js:32
[  115288ms] [ERROR] Warning: Each child in a list should have a unique "key" prop.%s%s See https://reactjs.org/link/warning-keys for more information.%s 

Check the render method of `EdgeNav`.  
    at EdgeNav (webpack-internal:///(app-pages-browser)/./src/components/EdgeNav.tsx:12:11)
    at div
    at main
    at HomeClient (webpack-internal:///(app-pages-browser)/./src/components/HomeClient.tsx:31:78)
    at Suspense
    at HomePage (Server)
    at InnerLayoutRouter (webpack-internal:///(app-pages-browser)/./node_modules/next/dist/client/components/layout-router.js:243:11)
    at RedirectErrorBoundary (webpack-internal:///(app-pages-browser)/./node_modules/next/dist/client/components/redirect-boundary.js:74:9)
    at RedirectBoundary (webpack-internal:///(app-pages-browser)/./node_modules/next/dist/client/components/redirect-boundary.js:82:11)
    at NotFoundErrorBoundary (webpack-internal:///(app-pages-browser)/./node_modules/next/dist/client/components/not-found-boundary.js:76:9)
    at NotFoundBoundary (webpack-internal:///(app-pages-browser)/./node_modules/next/dist/client/components/not-found-boundary.js:84:11)
    at LoadingBoundary (webpack-internal:///(app-pages-browser)/./node_modules/next/dist/client/components/layout-router.js:349:11)
    at ErrorBoundary (webpack-internal:///(app-pages-browser)/./node_modules/next/dist/client/components/error-boundary.js:160:11)
    at InnerScrollAndFocusHandler (webpack-internal:///(app-pages-browser)/./node_modules/next/dist/client/components/layout-router.js:153:9)
    at ScrollAndFocusHandler (webpack-internal:///(app-pages-browser)/./node_modules/next/dist/client/components/layout-router.js:228:11)
    at RenderFromTemplateContext (webpack-internal:///(app-pages-browser)/./node_modules/next/dist/client/components/render-from-template-context.js:16:44)
    at OuterLayoutRouter (webpack-internal:///(app-pages-browser)/./node_modules/next/dist/client/components/layout-router.js:370:11)
    at TransitionProvider (webpack-internal:///(app-pages-browser)/./src/components/TransitionProvider.tsx:17:11)
    at body
    at html
    at RootLayout (Server)
    at RedirectErrorBoundary (webpack-internal:///(app-pages-browser)/./node_modules/next/dist/client/components/redirect-boundary.js:74:9)
    at RedirectBoundary (webpack-internal:///(app-pages-browser)/./node_modules/next/dist/client/components/redirect-boundary.js:82:11)
    at NotFoundErrorBoundary (webpack-internal:///(app-pages-browser)/./node_modules/next/dist/client/components/not-found-boundary.js:76:9)
    at NotFoundBoundary (webpack-internal:///(app-pages-browser)/./node_modules/next/dist/client/components/not-found-boundary.js:84:11)
    at DevRootNotFoundBoundary (webpack-internal:///(app-pages-browser)/./node_modules/next/dist/client/components/dev-root-not-found-boundary.js:33:11)
    at ReactDevOverlay (webpack-internal:///(app-pages-browser)/./node_modules/next/dist/client/components/react-dev-overlay/app/ReactDevOverlay.js:87:9)
    at HotReload (webpack-internal:///(app-pages-browser)/./node_modules/next/dist/client/components/react-dev-overlay/app/hot-reloader-client.js:321:11)
    at Router (webpack-internal:///(app-pages-browser)/./node_modules/next/dist/client/components/app-router.js:207:11)
    at ErrorBoundaryHandler (webpack-internal:///(app-pages-browser)/./node_modules/next/dist/client/components/error-boundary.js:113:9)
    at ErrorBoundary (webpack-internal:///(app-pages-browser)/./node_modules/next/dist/client/components/error-boundary.js:160:11)
    at AppRouter (webpack-internal:///(app-pages-browser)/./node_modules/next/dist/client/components/app-router.js:585:13)
    at ServerRoot (webpack-internal:///(app-pages-browser)/./node_modules/next/dist/client/app-index.js:112:27)
    at Root (webpack-internal:///(app-pages-browser)/./node_modules/next/dist/client/app-index.js:117:11) @ webpack-internal:///(app-pages-browser)/./node_modules/next/dist/client/app-index.js:32
[  129822ms] [ERROR] ./src/components/EdgeNav.tsx
Error: 
  x Unexpected token `nav`. Expected jsx identifier
    ,-[/Users/kazuma/Desktop/main/cs/Projects/portfolio/src/components/EdgeNav.tsx:20:1]
 20 |   onSelect
 21 | }: EdgeNavProps): JSX.Element => {
 22 |   return (
 23 |     <nav
    :      ^^^
 24 |       className="pointer-events-none absolute inset-0 z-30 flex items-end justify-center pb-10"
 25 |       aria-label="Primary sections"
 26 |     >
    `----

Caused by:
    Syntax Error

Import trace for requested module:
./src/components/EdgeNav.tsx
./src/components/HomeClient.tsx @ webpack-internal:///(app-pages-browser)/./node_modules/next/dist/client/app-index.js:32
[  129882ms] [ERROR] ./src/components/EdgeNav.tsx
Error: 
  x Unexpected token `nav`. Expected jsx identifier
    ,-[/Users/kazuma/Desktop/main/cs/Projects/portfolio/src/components/EdgeNav.tsx:20:1]
 20 |   onSelect
 21 | }: EdgeNavProps): JSX.Element => {
 22 |   return (
 23 |     <nav
    :      ^^^
 24 |       className="pointer-events-none absolute inset-0 z-30 flex items-end justify-center pb-10"
 25 |       aria-label="Primary sections"
 26 |     >
    `----

Caused by:
    Syntax Error

Import trace for requested module:
./src/components/EdgeNav.tsx
./src/components/HomeClient.tsx @ webpack-internal:///(app-pages-browser)/./node_modules/next/dist/client/app-index.js:32
[  133462ms] [ERROR] ./src/components/EdgeNav.tsx
Error: 
  x Unexpected token `nav`. Expected jsx identifier
    ,-[/Users/kazuma/Desktop/main/cs/Projects/portfolio/src/components/EdgeNav.tsx:20:1]
 20 |   onSelect
 21 | }: EdgeNavProps): JSX.Element => {
 22 |   return (
 23 |     <nav
    :      ^^^
 24 |       className="pointer-events-none absolute inset-0 z-30 flex items-end justify-center pb-10"
 25 |       aria-label="Primary sections"
 26 |     >
    `----

Caused by:
    Syntax Error

Import trace for requested module:
./src/components/EdgeNav.tsx
./src/components/HomeClient.tsx @ webpack-internal:///(app-pages-browser)/./node_modules/next/dist/client/app-index.js:32
